<?xml version="1.0" encoding="UTF-8"?>
<testsuite xmlns:xsi="http://www.w3.org/2001/XMLSchema-instance" xsi:noNamespaceSchemaLocation="https://maven.apache.org/surefire/maven-surefire-plugin/xsd/surefire-test-report.xsd" name="BankTest" time="0.031" tests="5" errors="0" skipped="0" failures="0">
  <properties>
[...]
</properties>
  <testcase name="calculateYearlyInterest3PercentBalance" classname="BankTest" time="0.013"/>
  <testcase name="calculateYearlyInterest7PercentBalanceDoesNotFail" classname="BankTest" time="0.001"/>
  <testcase name="calculateYearlyInterestNeativeBalance" classname="BankTest" time="0.002"/>
  <testcase name="calculateYearlyInterest7PercentBalanceNotNull" classname="BankTest" time="0.002"/>
  <testcase name="calculateYearlyInterest5PercentBalance" classname="BankTest" time="0.001"/>
</testsuite>